0 info it worked if it ends with ok
1 verbose cli [ 'C:\\Program Files (x86)\\nodejs\\node.exe',
1 verbose cli   'C:\\Program Files (x86)\\nodejs\\node_modules\\npm\\bin\\npm-cli.js',
1 verbose cli   'run',
1 verbose cli   'test' ]
2 info using npm@3.10.10
3 info using node@v6.9.4
4 verbose run-script [ 'pretest', 'test', 'posttest' ]
5 info lifecycle node-todo-api@1.0.0~pretest: node-todo-api@1.0.0
6 silly lifecycle node-todo-api@1.0.0~pretest: no script for pretest, continuing
7 info lifecycle node-todo-api@1.0.0~test: node-todo-api@1.0.0
8 verbose lifecycle node-todo-api@1.0.0~test: unsafe-perm in lifecycle true
9 verbose lifecycle node-todo-api@1.0.0~test: PATH: C:\Program Files (x86)\nodejs\node_modules\npm\bin\node-gyp-bin;D:\Sunil\work\node2.0\node-todo-api\node_modules\.bin;C:\ProgramData\Oracle\Java\javapath;C:\Program Files\Common Files\Microsoft Shared\Windows Live;C:\Program Files (x86)\Common Files\Microsoft Shared\Windows Live;C:\Program Files (x86)\NVIDIA Corporation\PhysX\Common;C:\WINDOWS\system32;C:\WINDOWS;C:\WINDOWS\System32\Wbem;C:\WINDOWS\System32\WindowsPowerShell\v1.0\;C:\Program Files (x86)\Sony\VAIO Startup Setting Tool;C:\Program Files (x86)\Windows Live\Shared;C:\Program Files (x86)\Git\bin;C:\Program Files (x86)\Heroku\bin;C:\Program Files (x86)\git\cmd;C:\Program Files (x86)\Common Files\lenovo\easyplussdk\bin;C:\Program Files (x86)\nodejs\;C:\Users\sunil\AppData\Local\Microsoft\WindowsApps;C:\Users\sunil\AppData\Local\Android\sdk\tools;C:\Users\sunil\AppData\Local\Android\sdk\platform-tools;C:\Users\sunil\AppData\Roaming\npm
10 verbose lifecycle node-todo-api@1.0.0~test: CWD: D:\Sunil\work\node2.0\node-todo-api
11 silly lifecycle node-todo-api@1.0.0~test: Args: [ '/d /s /c',
11 silly lifecycle   'export NODE_ENV=test || SET NODE_ENV=test && mocha server/**/*.test.js' ]
12 silly lifecycle node-todo-api@1.0.0~test: Returned: code: 1  signal: null
13 info lifecycle node-todo-api@1.0.0~test: Failed to exec test script
14 verbose stack Error: node-todo-api@1.0.0 test: `export NODE_ENV=test || SET NODE_ENV=test && mocha server/**/*.test.js`
14 verbose stack Exit status 1
14 verbose stack     at EventEmitter.<anonymous> (C:\Program Files (x86)\nodejs\node_modules\npm\lib\utils\lifecycle.js:255:16)
14 verbose stack     at emitTwo (events.js:106:13)
14 verbose stack     at EventEmitter.emit (events.js:191:7)
14 verbose stack     at ChildProcess.<anonymous> (C:\Program Files (x86)\nodejs\node_modules\npm\lib\utils\spawn.js:40:14)
14 verbose stack     at emitTwo (events.js:106:13)
14 verbose stack     at ChildProcess.emit (events.js:191:7)
14 verbose stack     at maybeClose (internal/child_process.js:877:16)
14 verbose stack     at Process.ChildProcess._handle.onexit (internal/child_process.js:226:5)
15 verbose pkgid node-todo-api@1.0.0
16 verbose cwd D:\Sunil\work\node2.0\node-todo-api
17 error Windows_NT 10.0.14393
18 error argv "C:\\Program Files (x86)\\nodejs\\node.exe" "C:\\Program Files (x86)\\nodejs\\node_modules\\npm\\bin\\npm-cli.js" "run" "test"
19 error node v6.9.4
20 error npm  v3.10.10
21 error code ELIFECYCLE
22 error node-todo-api@1.0.0 test: `export NODE_ENV=test || SET NODE_ENV=test && mocha server/**/*.test.js`
22 error Exit status 1
23 error Failed at the node-todo-api@1.0.0 test script 'export NODE_ENV=test || SET NODE_ENV=test && mocha server/**/*.test.js'.
23 error Make sure you have the latest version of node.js and npm installed.
23 error If you do, this is most likely a problem with the node-todo-api package,
23 error not with npm itself.
23 error Tell the author that this fails on your system:
23 error     export NODE_ENV=test || SET NODE_ENV=test && mocha server/**/*.test.js
23 error You can get information on how to open an issue for this project with:
23 error     npm bugs node-todo-api
23 error Or if that isn't available, you can get their info via:
23 error     npm owner ls node-todo-api
23 error There is likely additional logging output above.
24 verbose exit [ 1, true ]
